2025-11-20 15:01:40,513 - INFO - Starting analysis of: samples/example.pcap
2025-11-20 15:01:40,514 - INFO - Phase 1: Analyzing network packets...
2025-11-20 15:01:40,514 - INFO - Analyzing samples/example.pcap...
2025-11-20 15:01:44,194 - INFO - Analyzed 61 packets
2025-11-20 15:01:44,195 - INFO - Phase 2: Detecting security threats...
2025-11-20 15:01:44,195 - INFO - Running threat detection...
2025-11-20 15:01:44,195 - INFO - Phase 3: Generating reports...
2025-11-20 15:01:44,195 - INFO - Generating reports...
2025-11-20 15:01:44,196 - WARNING - Visualization generation failed: 'seaborn' is not a valid package style, path of style file, URL of style file, or library style name (library styles are listed in `style.available`)
2025-11-20 15:01:44,196 - INFO - Reports generated in: reports/analysis_20251120_150140/forensics_report
2025-11-20 15:03:25,284 - INFO - Starting analysis of: samples/example.pcap
2025-11-20 15:03:25,284 - INFO - Phase 1: Analyzing network packets...
2025-11-20 15:03:25,285 - INFO - Analyzing samples/example.pcap...
2025-11-20 15:03:25,880 - INFO - Analyzed 61 packets
2025-11-20 15:03:25,880 - INFO - Phase 2: Detecting security threats...
2025-11-20 15:03:25,880 - INFO - Running threat detection...
2025-11-20 15:03:25,880 - INFO - Phase 3: Generating reports...
2025-11-20 15:03:25,880 - INFO - Generating reports...
2025-11-20 15:03:25,881 - WARNING - Visualization generation failed: 'seaborn' is not a valid package style, path of style file, URL of style file, or library style name (library styles are listed in `style.available`)
2025-11-20 15:03:25,881 - INFO - Reports generated in: reports/analysis_20251120_150325/forensics_report
2025-11-20 15:03:44,546 - INFO - Starting analysis of: samples/example.pcap
2025-11-20 15:03:44,546 - INFO - Phase 1: Analyzing network packets...
2025-11-20 15:03:44,546 - INFO - Analyzing samples/example.pcap...
2025-11-20 15:03:45,543 - INFO - Analyzed 61 packets
2025-11-20 15:03:45,543 - INFO - Phase 2: Detecting security threats...
2025-11-20 15:03:45,544 - INFO - Running threat detection...
2025-11-20 15:03:45,544 - INFO - Phase 3: Generating reports...
2025-11-20 15:03:45,544 - INFO - Generating reports...
2025-11-20 15:03:45,545 - WARNING - Visualization generation failed: 'seaborn' is not a valid package style, path of style file, URL of style file, or library style name (library styles are listed in `style.available`)
2025-11-20 15:03:45,545 - INFO - Reports generated in: reports/analysis_20251120_150344/forensics_report
2025-11-20 15:06:21,730 - INFO - Starting analysis of: samples/example.pcap
2025-11-20 15:06:21,730 - INFO - Phase 1: Analyzing network packets...
2025-11-20 15:06:21,730 - INFO - Analyzing samples/example.pcap...
2025-11-20 15:06:22,298 - INFO - Analyzed 61 packets
2025-11-20 15:06:22,299 - INFO - Phase 2: Detecting security threats...
2025-11-20 15:06:22,299 - INFO - Running threat detection...
2025-11-20 15:06:22,299 - INFO - Phase 3: Generating reports...
2025-11-20 15:06:22,299 - INFO - Generating reports...
2025-11-20 15:06:22,300 - WARNING - Visualization generation failed: 'seaborn' is not a valid package style, path of style file, URL of style file, or library style name (library styles are listed in `style.available`)
2025-11-20 15:06:22,300 - INFO - Reports generated in: reports/analysis_20251120_150621/forensics_report
2025-11-20 15:07:17,743 - INFO - Starting analysis of: samples/suspicious.pcap
2025-11-20 15:07:17,743 - INFO - Phase 1: Analyzing network packets...
2025-11-20 15:07:17,743 - INFO - Analyzing samples/suspicious.pcap...
2025-11-20 15:07:18,212 - INFO - Analyzed 33 packets
2025-11-20 15:07:18,212 - INFO - Phase 2: Detecting security threats...
2025-11-20 15:07:18,212 - INFO - Running threat detection...
2025-11-20 15:07:18,212 - INFO - Phase 3: Generating reports...
2025-11-20 15:07:18,212 - INFO - Generating reports...
2025-11-20 15:07:18,213 - WARNING - Visualization generation failed: 'seaborn' is not a valid package style, path of style file, URL of style file, or library style name (library styles are listed in `style.available`)
2025-11-20 15:07:18,213 - INFO - Reports generated in: reports/analysis_20251120_150717/forensics_report
2025-11-20 15:14:01,659 - INFO - Starting analysis of: samples/suspicious.pcap
2025-11-20 15:14:01,659 - INFO - Phase 1: Analyzing network packets...
2025-11-20 15:14:01,659 - INFO - Analyzing samples/suspicious.pcap...
2025-11-20 15:14:02,147 - INFO - Analyzed 33 packets
2025-11-20 15:14:02,147 - INFO - Phase 2: Detecting security threats...
2025-11-20 15:14:02,148 - INFO - Running threat detection...
2025-11-20 15:14:02,148 - INFO - Phase 3: Generating reports...
2025-11-20 15:14:02,148 - INFO - Generating reports...
2025-11-20 15:14:02,149 - WARNING - Visualization generation failed: 'seaborn' is not a valid package style, path of style file, URL of style file, or library style name (library styles are listed in `style.available`)
2025-11-20 15:14:02,149 - INFO - Reports generated in: reports/analysis_20251120_151401/forensics_report
2025-11-20 15:14:42,368 - INFO - Starting analysis of: samples/suspicious.pcap
2025-11-20 15:14:42,368 - INFO - Phase 1: Analyzing network packets...
2025-11-20 15:14:42,368 - INFO - Analyzing samples/suspicious.pcap...
2025-11-20 15:14:42,844 - INFO - Analyzed 33 packets
2025-11-20 15:14:42,844 - INFO - Phase 2: Detecting security threats...
2025-11-20 15:14:42,845 - INFO - Running threat detection...
2025-11-20 15:14:42,845 - INFO - Phase 3: Generating reports...
2025-11-20 15:14:42,845 - INFO - Generating reports...
2025-11-20 15:14:42,846 - WARNING - Visualization generation failed: 'seaborn' is not a valid package style, path of style file, URL of style file, or library style name (library styles are listed in `style.available`)
2025-11-20 15:14:42,846 - INFO - Reports generated in: reports/analysis_20251120_151442/forensics_report
2025-11-20 15:17:42,966 - INFO - Starting analysis of: samples/suspicious.pcap
2025-11-20 15:17:42,966 - INFO - Phase 1: Analyzing network packets...
2025-11-20 15:17:42,966 - INFO - Analyzing samples/suspicious.pcap...
2025-11-20 15:17:43,434 - INFO - Analyzed 33 packets
2025-11-20 15:17:43,434 - INFO - Phase 2: Detecting security threats...
2025-11-20 15:17:43,434 - INFO - Running threat detection...
2025-11-20 15:17:43,434 - INFO - Phase 3: Generating reports...
2025-11-20 15:17:43,435 - INFO - Generating reports...
2025-11-20 15:17:43,436 - WARNING - Visualization generation failed: 'seaborn' is not a valid package style, path of style file, URL of style file, or library style name (library styles are listed in `style.available`)
2025-11-20 15:17:43,436 - INFO - Reports generated in: reports/analysis_20251120_151742/forensics_report
2025-11-20 15:19:38,697 - INFO - Starting analysis of: samples/suspicious.pcap
2025-11-20 15:19:38,698 - INFO - Phase 1: Analyzing network packets...
2025-11-20 15:19:38,698 - INFO - Analyzing samples/suspicious.pcap...
2025-11-20 15:19:39,155 - INFO - Analyzed 33 packets
2025-11-20 15:19:39,155 - INFO - Phase 2: Detecting security threats...
2025-11-20 15:19:39,155 - INFO - Running threat detection...
2025-11-20 15:19:39,155 - INFO - Phase 3: Generating reports...
2025-11-20 15:19:39,155 - INFO - Generating reports...
2025-11-20 15:19:39,157 - WARNING - Visualization generation failed: 'seaborn' is not a valid package style, path of style file, URL of style file, or library style name (library styles are listed in `style.available`)
2025-11-20 15:19:39,157 - INFO - Reports generated in: reports/analysis_20251120_151938/forensics_report
2025-11-20 16:53:22,977 - ERROR - PCAP file not found: capture.pcap
2025-11-20 17:06:23,053 - ERROR - PCAP file not found: https://secure.eicar.org/eicar_com.zip
2025-11-20 17:10:42,669 - INFO - Starting analysis of: samples/eicar_test.pcap
2025-11-20 17:10:42,669 - INFO - Phase 1: Analyzing network packets...
2025-11-20 17:10:42,669 - INFO - Analyzing samples/eicar_test.pcap...
2025-11-20 17:10:43,124 - INFO - Analyzed 23 packets
2025-11-20 17:10:43,124 - INFO - Phase 2: Detecting security threats...
2025-11-20 17:10:43,124 - INFO - Running threat detection...
2025-11-20 17:10:43,124 - INFO - Phase 3: Generating reports...
2025-11-20 17:10:43,124 - INFO - Generating reports...
2025-11-20 17:10:43,125 - WARNING - Visualization generation failed: 'seaborn' is not a valid package style, path of style file, URL of style file, or library style name (library styles are listed in `style.available`)
2025-11-20 17:10:43,125 - INFO - Reports generated in: reports/analysis_20251120_171042/forensics_report
2025-11-20 17:12:26,959 - INFO - Starting analysis of: samples/eicar_test.pcap
2025-11-20 17:12:26,959 - INFO - Phase 1: Analyzing network packets...
2025-11-20 17:12:26,959 - INFO - Analyzing samples/eicar_test.pcap...
2025-11-20 17:12:27,395 - INFO - Analyzed 23 packets
2025-11-20 17:12:27,395 - INFO - Phase 2: Detecting security threats...
2025-11-20 17:12:27,395 - INFO - Running threat detection...
2025-11-20 17:12:27,396 - INFO - Phase 3: Generating reports...
2025-11-20 17:12:27,396 - INFO - Generating reports...
2025-11-20 17:12:27,397 - WARNING - Visualization generation failed: 'seaborn' is not a valid package style, path of style file, URL of style file, or library style name (library styles are listed in `style.available`)
2025-11-20 17:12:27,397 - INFO - Reports generated in: reports/analysis_20251120_171226/forensics_report
2025-11-20 17:18:57,930 - ERROR - PCAP file not found: capture.pcap
